Processing file: C:\t\bb6224e6b38b\bin\temp1\ApplicationIcon.png
File C:\t\bb6224e6b38b\bin\temp1\ApplicationIcon.png is not an IL assembly. Copying.
Processing file: C:\t\bb6224e6b38b\bin\temp1\AppManifest.xaml
File C:\t\bb6224e6b38b\bin\temp1\AppManifest.xaml is not an IL assembly. Copying.
Processing file: C:\t\bb6224e6b38b\bin\temp1\Background.png
File C:\t\bb6224e6b38b\bin\temp1\Background.png is not an IL assembly. Copying.
Processing file: C:\t\bb6224e6b38b\bin\temp1\com.telerik.wp37080.dll
Calling CrossGen with arguments:
/nologo /mdil /MissingDependenciesOK /fulltrust  /app_paths "C:\t\bb6224e6b38b\bin\temp1;"  /trusted_platform_assemblies "C:\Program Files (x86)\Microsoft SDKs\Windows Phone\v8.0\Tools\MDILXAPCompile\Framework\Microsoft.CSharp.dll;C:\Program Files (x86)\Microsoft SDKs\Windows Phone\v8.0\Tools\MDILXAPCompile\Framework\mscorlib.dll;C:\Program Files (x86)\Microsoft SDKs\Windows Phone\v8.0\Tools\MDILXAPCompile\Framework\mscorlib.extensions.dll;C:\Program Files (x86)\Microsoft SDKs\Windows Phone\v8.0\Tools\MDILXAPCompile\Framework\System.Collections.dll;C:\Program Files (x86)\Microsoft SDKs\Windows Phone\v8.0\Tools\MDILXAPCompile\Framework\System.ComponentModel.dll;C:\Program Files (x86)\Microsoft SDKs\Windows Phone\v8.0\Tools\MDILXAPCompile\Framework\System.ComponentModel.EventBasedAsync.dll;C:\Program Files (x86)\Microsoft SDKs\Windows Phone\v8.0\Tools\MDILXAPCompile\Framework\System.Core.dll;C:\Program Files (x86)\Microsoft SDKs\Windows Phone\v8.0\Tools\MDILXAPCompile\Framework\System.Diagnostics.Contracts.dll;C:\Program Files (x86)\Microsoft SDKs\Windows Phone\v8.0\Tools\MDILXAPCompile\Framework\System.Diagnostics.Debug.dll;C:\Program Files (x86)\Microsoft SDKs\Windows Phone\v8.0\Tools\MDILXAPCompile\Framework\System.Diagnostics.Tools.dll;C:\Program Files (x86)\Microsoft SDKs\Windows Phone\v8.0\Tools\MDILXAPCompile\Framework\System.dll;C:\Program Files (x86)\Microsoft SDKs\Windows Phone\v8.0\Tools\MDILXAPCompile\Framework\System.Dynamic.Runtime.dll;C:\Program Files (x86)\Microsoft SDKs\Windows Phone\v8.0\Tools\MDILXAPCompile\Framework\System.Globalization.dll;C:\Program Files (x86)\Microsoft SDKs\Windows Phone\v8.0\Tools\MDILXAPCompile\Framework\System.IO.dll;C:\Program Files (x86)\Microsoft SDKs\Windows Phone\v8.0\Tools\MDILXAPCompile\Framework\System.Linq.dll;C:\Program Files (x86)\Microsoft SDKs\Windows Phone\v8.0\Tools\MDILXAPCompile\Framework\System.Linq.Expressions.dll;C:\Program Files (x86)\Microsoft SDKs\Windows Phone\v8.0\Tools\MDILXAPCompile\Framework\System.Linq.Queryable.dll;C:\Program Files (x86)\Microsoft SDKs\Windows Phone\v8.0\Tools\MDILXAPCompile\Framework\System.Net.NetworkInformation.dll;C:\Program Files (x86)\Microsoft SDKs\Windows Phone\v8.0\Tools\MDILXAPCompile\Framework\System.Net.Primitives.dll;C:\Program Files (x86)\Microsoft SDKs\Windows Phone\v8.0\Tools\MDILXAPCompile\Framework\System.Net.Requests.dll;C:\Program Files (x86)\Microsoft SDKs\Windows Phone\v8.0\Tools\MDILXAPCompile\Framework\System.ObjectModel.dll;C:\Program Files (x86)\Microsoft SDKs\Windows Phone\v8.0\Tools\MDILXAPCompile\Framework\System.Observable.dll;C:\Program Files (x86)\Microsoft SDKs\Windows Phone\v8.0\Tools\MDILXAPCompile\Framework\System.Reflection.dll;C:\Program Files (x86)\Microsoft SDKs\Windows Phone\v8.0\Tools\MDILXAPCompile\Framework\System.Reflection.Emit.dll;C:\Program Files (x86)\Microsoft SDKs\Windows Phone\v8.0\Tools\MDILXAPCompile\Framework\System.Reflection.Emit.ILGeneration.dll;C:\Program Files (x86)\Microsoft SDKs\Windows Phone\v8.0\Tools\MDILXAPCompile\Framework\System.Reflection.Emit.Lightweight.dll;C:\Program Files (x86)\Microsoft SDKs\Windows Phone\v8.0\Tools\MDILXAPCompile\Framework\System.Reflection.Extensions.dll;C:\Program Files (x86)\Microsoft SDKs\Windows Phone\v8.0\Tools\MDILXAPCompile\Framework\System.Reflection.Primitives.dll;C:\Program Files (x86)\Microsoft SDKs\Windows Phone\v8.0\Tools\MDILXAPCompile\Framework\System.Resources.ResourceManager.dll;C:\Program Files (x86)\Microsoft SDKs\Windows Phone\v8.0\Tools\MDILXAPCompile\Framework\System.Runtime.dll;C:\Program Files (x86)\Microsoft SDKs\Windows Phone\v8.0\Tools\MDILXAPCompile\Framework\System.Runtime.Extensions.dll;C:\Program Files (x86)\Microsoft SDKs\Windows Phone\v8.0\Tools\MDILXAPCompile\Framework\System.Runtime.InteropServices.WindowsRuntime.dll;C:\Program Files (x86)\Microsoft SDKs\Windows Phone\v8.0\Tools\MDILXAPCompile\Framework\System.Runtime.Serialization.dll;C:\Program Files (x86)\Microsoft SDKs\Windows Phone\v8.0\Tools\MDILXAPCompile\Framework\System.Runtime.Serialization.Json.dll;C:\Program Files (x86)\Microsoft SDKs\Windows Phone\v8.0\Tools\MDILXAPCompile\Framework\System.Runtime.Serialization.Primitives.dll;C:\Program Files (x86)\Microsoft SDKs\Windows Phone\v8.0\Tools\MDILXAPCompile\Framework\System.Runtime.Serialization.Xml.dll;C:\Program Files (x86)\Microsoft SDKs\Windows Phone\v8.0\Tools\MDILXAPCompile\Framework\System.Runtime.WindowsRuntime.dll;C:\Program Files (x86)\Microsoft SDKs\Windows Phone\v8.0\Tools\MDILXAPCompile\Framework\System.Security.Principal.dll;C:\Program Files (x86)\Microsoft SDKs\Windows Phone\v8.0\Tools\MDILXAPCompile\Framework\System.ServiceModel.Http.dll;C:\Program Files (x86)\Microsoft SDKs\Windows Phone\v8.0\Tools\MDILXAPCompile\Framework\System.ServiceModel.Primitives.dll;C:\Program Files (x86)\Microsoft SDKs\Windows Phone\v8.0\Tools\MDILXAPCompile\Framework\System.ServiceModel.Security.dll;C:\Program Files (x86)\Microsoft SDKs\Windows Phone\v8.0\Tools\MDILXAPCompile\Framework\System.ServiceModel.Web.dll;C:\Program Files (x86)\Microsoft SDKs\Windows Phone\v8.0\Tools\MDILXAPCompile\Framework\System.Text.Encoding.dll;C:\Program Files (x86)\Microsoft SDKs\Windows Phone\v8.0\Tools\MDILXAPCompile\Framework\System.Text.Encoding.Extensions.dll;C:\Program Files (x86)\Microsoft SDKs\Windows Phone\v8.0\Tools\MDILXAPCompile\Framework\System.Text.RegularExpressions.dll;C:\Program Files (x86)\Microsoft SDKs\Windows Phone\v8.0\Tools\MDILXAPCompile\Framework\System.Threading.dll;C:\Program Files (x86)\Microsoft SDKs\Windows Phone\v8.0\Tools\MDILXAPCompile\Framework\System.Threading.Tasks.dll;C:\Program Files (x86)\Microsoft SDKs\Windows Phone\v8.0\Tools\MDILXAPCompile\Framework\System.Xml.dll;C:\Program Files (x86)\Microsoft SDKs\Windows Phone\v8.0\Tools\MDILXAPCompile\Framework\System.Xml.Linq.dll;C:\Program Files (x86)\Microsoft SDKs\Windows Phone\v8.0\Tools\MDILXAPCompile\Framework\System.Xml.ReaderWriter.dll;C:\Program Files (x86)\Microsoft SDKs\Windows Phone\v8.0\Tools\MDILXAPCompile\Framework\System.Xml.Serialization.dll;C:\Program Files (x86)\Microsoft SDKs\Windows Phone\v8.0\Tools\MDILXAPCompile\Framework\System.Xml.XDocument.dll;C:\Program Files (x86)\Microsoft SDKs\Windows Phone\v8.0\Tools\MDILXAPCompile\Framework\System.Xml.XmlSerializer.dll;C:\Program Files (x86)\Microsoft SDKs\Windows Phone\v8.0\Tools\MDILXAPCompile\Framework\LocationService.Interop.dll;C:\Program Files (x86)\Microsoft SDKs\Windows Phone\v8.0\Tools\MDILXAPCompile\Framework\Microsoft.Devices.Camera.dll;C:\Program Files (x86)\Microsoft SDKs\Windows Phone\v8.0\Tools\MDILXAPCompile\Framework\Microsoft.Devices.Sensors.dll;C:\Program Files (x86)\Microsoft SDKs\Windows Phone\v8.0\Tools\MDILXAPCompile\Framework\Microsoft.Phone.Data.Internal.dll;C:\Program Files (x86)\Microsoft SDKs\Windows Phone\v8.0\Tools\MDILXAPCompile\Framework\Microsoft.Phone.dll;C:\Program Files (x86)\Microsoft SDKs\Windows Phone\v8.0\Tools\MDILXAPCompile\Framework\Microsoft.Phone.Interop.dll;C:\Program Files (x86)\Microsoft SDKs\Windows Phone\v8.0\Tools\MDILXAPCompile\Framework\Microsoft.Phone.Maps.dll;C:\Program Files (x86)\Microsoft SDKs\Windows Phone\v8.0\Tools\MDILXAPCompile\Framework\Microsoft.Phone.Reactive.dll;C:\Program Files (x86)\Microsoft SDKs\Windows Phone\v8.0\Tools\MDILXAPCompile\Framework\Microsoft.Xna.Framework.Avatar.dll;C:\Program Files (x86)\Microsoft SDKs\Windows Phone\v8.0\Tools\MDILXAPCompile\Framework\Microsoft.Xna.Framework.dll;C:\Program Files (x86)\Microsoft SDKs\Windows Phone\v8.0\Tools\MDILXAPCompile\Framework\Microsoft.Xna.Framework.Game.dll;C:\Program Files (x86)\Microsoft SDKs\Windows Phone\v8.0\Tools\MDILXAPCompile\Framework\Microsoft.Xna.Framework.GamerServices.dll;C:\Program Files (x86)\Microsoft SDKs\Windows Phone\v8.0\Tools\MDILXAPCompile\Framework\Microsoft.Xna.Framework.Graphics.dll;C:\Program Files (x86)\Microsoft SDKs\Windows Phone\v8.0\Tools\MDILXAPCompile\Framework\Microsoft.Xna.Framework.Input.Touch.dll;C:\Program Files (x86)\Microsoft SDKs\Windows Phone\v8.0\Tools\MDILXAPCompile\Framework\Microsoft.Xna.Framework.Interop.dll;C:\Program Files (x86)\Microsoft SDKs\Windows Phone\v8.0\Tools\MDILXAPCompile\Framework\Microsoft.Xna.Framework.MediaLibraryExtensions.dll;C:\Program Files (x86)\Microsoft SDKs\Windows Phone\v8.0\Tools\MDILXAPCompile\Framework\System.Data.Linq.dll;C:\Program Files (x86)\Microsoft SDKs\Windows Phone\v8.0\Tools\MDILXAPCompile\Framework\System.Device.dll;C:\Program Files (x86)\Microsoft SDKs\Windows Phone\v8.0\Tools\MDILXAPCompile\Framework\System.Net.dll;C:\Program Files (x86)\Microsoft SDKs\Windows Phone\v8.0\Tools\MDILXAPCompile\Framework\System.ServiceModel.dll;C:\Program Files (x86)\Microsoft SDKs\Windows Phone\v8.0\Tools\MDILXAPCompile\Framework\System.Windows.dll;C:\Program Files (x86)\Microsoft SDKs\Windows Phone\v8.0\Tools\MDILXAPCompile\Framework\System.Windows.RuntimeHost.dll;"  /platform_winmd_paths "C:\Program Files (x86)\Microsoft SDKs\Windows Phone\v8.0\Tools\MDILXAPCompile\WinMds;"  /out "C:\t\bb6224e6b38b\bin\temp2\com.telerik.wp37080.dll" "C:\t\bb6224e6b38b\bin\temp1\com.telerik.wp37080.dll"
Output:
MDIL image C:\t\bb6224e6b38b\bin\temp2\com.telerik.wp37080.dll generated successfully.


File C:\t\bb6224e6b38b\bin\temp1\com.telerik.wp37080.dll output C:\t\bb6224e6b38b\bin\temp2\com.telerik.wp37080.dll
Processing file: C:\t\bb6224e6b38b\bin\temp1\config.xml
File C:\t\bb6224e6b38b\bin\temp1\config.xml is not an IL assembly. Copying.
Processing file: C:\t\bb6224e6b38b\bin\temp1\CustomMessageBox.dll
Calling CrossGen with arguments:
/nologo /mdil /MissingDependenciesOK /fulltrust  /app_paths "C:\t\bb6224e6b38b\bin\temp1;"  /trusted_platform_assemblies "C:\Program Files (x86)\Microsoft SDKs\Windows Phone\v8.0\Tools\MDILXAPCompile\Framework\Microsoft.CSharp.dll;C:\Program Files (x86)\Microsoft SDKs\Windows Phone\v8.0\Tools\MDILXAPCompile\Framework\mscorlib.dll;C:\Program Files (x86)\Microsoft SDKs\Windows Phone\v8.0\Tools\MDILXAPCompile\Framework\mscorlib.extensions.dll;C:\Program Files (x86)\Microsoft SDKs\Windows Phone\v8.0\Tools\MDILXAPCompile\Framework\System.Collections.dll;C:\Program Files (x86)\Microsoft SDKs\Windows Phone\v8.0\Tools\MDILXAPCompile\Framework\System.ComponentModel.dll;C:\Program Files (x86)\Microsoft SDKs\Windows Phone\v8.0\Tools\MDILXAPCompile\Framework\System.ComponentModel.EventBasedAsync.dll;C:\Program Files (x86)\Microsoft SDKs\Windows Phone\v8.0\Tools\MDILXAPCompile\Framework\System.Core.dll;C:\Program Files (x86)\Microsoft SDKs\Windows Phone\v8.0\Tools\MDILXAPCompile\Framework\System.Diagnostics.Contracts.dll;C:\Program Files (x86)\Microsoft SDKs\Windows Phone\v8.0\Tools\MDILXAPCompile\Framework\System.Diagnostics.Debug.dll;C:\Program Files (x86)\Microsoft SDKs\Windows Phone\v8.0\Tools\MDILXAPCompile\Framework\System.Diagnostics.Tools.dll;C:\Program Files (x86)\Microsoft SDKs\Windows Phone\v8.0\Tools\MDILXAPCompile\Framework\System.dll;C:\Program Files (x86)\Microsoft SDKs\Windows Phone\v8.0\Tools\MDILXAPCompile\Framework\System.Dynamic.Runtime.dll;C:\Program Files (x86)\Microsoft SDKs\Windows Phone\v8.0\Tools\MDILXAPCompile\Framework\System.Globalization.dll;C:\Program Files (x86)\Microsoft SDKs\Windows Phone\v8.0\Tools\MDILXAPCompile\Framework\System.IO.dll;C:\Program Files (x86)\Microsoft SDKs\Windows Phone\v8.0\Tools\MDILXAPCompile\Framework\System.Linq.dll;C:\Program Files (x86)\Microsoft SDKs\Windows Phone\v8.0\Tools\MDILXAPCompile\Framework\System.Linq.Expressions.dll;C:\Program Files (x86)\Microsoft SDKs\Windows Phone\v8.0\Tools\MDILXAPCompile\Framework\System.Linq.Queryable.dll;C:\Program Files (x86)\Microsoft SDKs\Windows Phone\v8.0\Tools\MDILXAPCompile\Framework\System.Net.NetworkInformation.dll;C:\Program Files (x86)\Microsoft SDKs\Windows Phone\v8.0\Tools\MDILXAPCompile\Framework\System.Net.Primitives.dll;C:\Program Files (x86)\Microsoft SDKs\Windows Phone\v8.0\Tools\MDILXAPCompile\Framework\System.Net.Requests.dll;C:\Program Files (x86)\Microsoft SDKs\Windows Phone\v8.0\Tools\MDILXAPCompile\Framework\System.ObjectModel.dll;C:\Program Files (x86)\Microsoft SDKs\Windows Phone\v8.0\Tools\MDILXAPCompile\Framework\System.Observable.dll;C:\Program Files (x86)\Microsoft SDKs\Windows Phone\v8.0\Tools\MDILXAPCompile\Framework\System.Reflection.dll;C:\Program Files (x86)\Microsoft SDKs\Windows Phone\v8.0\Tools\MDILXAPCompile\Framework\System.Reflection.Emit.dll;C:\Program Files (x86)\Microsoft SDKs\Windows Phone\v8.0\Tools\MDILXAPCompile\Framework\System.Reflection.Emit.ILGeneration.dll;C:\Program Files (x86)\Microsoft SDKs\Windows Phone\v8.0\Tools\MDILXAPCompile\Framework\System.Reflection.Emit.Lightweight.dll;C:\Program Files (x86)\Microsoft SDKs\Windows Phone\v8.0\Tools\MDILXAPCompile\Framework\System.Reflection.Extensions.dll;C:\Program Files (x86)\Microsoft SDKs\Windows Phone\v8.0\Tools\MDILXAPCompile\Framework\System.Reflection.Primitives.dll;C:\Program Files (x86)\Microsoft SDKs\Windows Phone\v8.0\Tools\MDILXAPCompile\Framework\System.Resources.ResourceManager.dll;C:\Program Files (x86)\Microsoft SDKs\Windows Phone\v8.0\Tools\MDILXAPCompile\Framework\System.Runtime.dll;C:\Program Files (x86)\Microsoft SDKs\Windows Phone\v8.0\Tools\MDILXAPCompile\Framework\System.Runtime.Extensions.dll;C:\Program Files (x86)\Microsoft SDKs\Windows Phone\v8.0\Tools\MDILXAPCompile\Framework\System.Runtime.InteropServices.WindowsRuntime.dll;C:\Program Files (x86)\Microsoft SDKs\Windows Phone\v8.0\Tools\MDILXAPCompile\Framework\System.Runtime.Serialization.dll;C:\Program Files (x86)\Microsoft SDKs\Windows Phone\v8.0\Tools\MDILXAPCompile\Framework\System.Runtime.Serialization.Json.dll;C:\Program Files (x86)\Microsoft SDKs\Windows Phone\v8.0\Tools\MDILXAPCompile\Framework\System.Runtime.Serialization.Primitives.dll;C:\Program Files (x86)\Microsoft SDKs\Windows Phone\v8.0\Tools\MDILXAPCompile\Framework\System.Runtime.Serialization.Xml.dll;C:\Program Files (x86)\Microsoft SDKs\Windows Phone\v8.0\Tools\MDILXAPCompile\Framework\System.Runtime.WindowsRuntime.dll;C:\Program Files (x86)\Microsoft SDKs\Windows Phone\v8.0\Tools\MDILXAPCompile\Framework\System.Security.Principal.dll;C:\Program Files (x86)\Microsoft SDKs\Windows Phone\v8.0\Tools\MDILXAPCompile\Framework\System.ServiceModel.Http.dll;C:\Program Files (x86)\Microsoft SDKs\Windows Phone\v8.0\Tools\MDILXAPCompile\Framework\System.ServiceModel.Primitives.dll;C:\Program Files (x86)\Microsoft SDKs\Windows Phone\v8.0\Tools\MDILXAPCompile\Framework\System.ServiceModel.Security.dll;C:\Program Files (x86)\Microsoft SDKs\Windows Phone\v8.0\Tools\MDILXAPCompile\Framework\System.ServiceModel.Web.dll;C:\Program Files (x86)\Microsoft SDKs\Windows Phone\v8.0\Tools\MDILXAPCompile\Framework\System.Text.Encoding.dll;C:\Program Files (x86)\Microsoft SDKs\Windows Phone\v8.0\Tools\MDILXAPCompile\Framework\System.Text.Encoding.Extensions.dll;C:\Program Files (x86)\Microsoft SDKs\Windows Phone\v8.0\Tools\MDILXAPCompile\Framework\System.Text.RegularExpressions.dll;C:\Program Files (x86)\Microsoft SDKs\Windows Phone\v8.0\Tools\MDILXAPCompile\Framework\System.Threading.dll;C:\Program Files (x86)\Microsoft SDKs\Windows Phone\v8.0\Tools\MDILXAPCompile\Framework\System.Threading.Tasks.dll;C:\Program Files (x86)\Microsoft SDKs\Windows Phone\v8.0\Tools\MDILXAPCompile\Framework\System.Xml.dll;C:\Program Files (x86)\Microsoft SDKs\Windows Phone\v8.0\Tools\MDILXAPCompile\Framework\System.Xml.Linq.dll;C:\Program Files (x86)\Microsoft SDKs\Windows Phone\v8.0\Tools\MDILXAPCompile\Framework\System.Xml.ReaderWriter.dll;C:\Program Files (x86)\Microsoft SDKs\Windows Phone\v8.0\Tools\MDILXAPCompile\Framework\System.Xml.Serialization.dll;C:\Program Files (x86)\Microsoft SDKs\Windows Phone\v8.0\Tools\MDILXAPCompile\Framework\System.Xml.XDocument.dll;C:\Program Files (x86)\Microsoft SDKs\Windows Phone\v8.0\Tools\MDILXAPCompile\Framework\System.Xml.XmlSerializer.dll;C:\Program Files (x86)\Microsoft SDKs\Windows Phone\v8.0\Tools\MDILXAPCompile\Framework\LocationService.Interop.dll;C:\Program Files (x86)\Microsoft SDKs\Windows Phone\v8.0\Tools\MDILXAPCompile\Framework\Microsoft.Devices.Camera.dll;C:\Program Files (x86)\Microsoft SDKs\Windows Phone\v8.0\Tools\MDILXAPCompile\Framework\Microsoft.Devices.Sensors.dll;C:\Program Files (x86)\Microsoft SDKs\Windows Phone\v8.0\Tools\MDILXAPCompile\Framework\Microsoft.Phone.Data.Internal.dll;C:\Program Files (x86)\Microsoft SDKs\Windows Phone\v8.0\Tools\MDILXAPCompile\Framework\Microsoft.Phone.dll;C:\Program Files (x86)\Microsoft SDKs\Windows Phone\v8.0\Tools\MDILXAPCompile\Framework\Microsoft.Phone.Interop.dll;C:\Program Files (x86)\Microsoft SDKs\Windows Phone\v8.0\Tools\MDILXAPCompile\Framework\Microsoft.Phone.Maps.dll;C:\Program Files (x86)\Microsoft SDKs\Windows Phone\v8.0\Tools\MDILXAPCompile\Framework\Microsoft.Phone.Reactive.dll;C:\Program Files (x86)\Microsoft SDKs\Windows Phone\v8.0\Tools\MDILXAPCompile\Framework\Microsoft.Xna.Framework.Avatar.dll;C:\Program Files (x86)\Microsoft SDKs\Windows Phone\v8.0\Tools\MDILXAPCompile\Framework\Microsoft.Xna.Framework.dll;C:\Program Files (x86)\Microsoft SDKs\Windows Phone\v8.0\Tools\MDILXAPCompile\Framework\Microsoft.Xna.Framework.Game.dll;C:\Program Files (x86)\Microsoft SDKs\Windows Phone\v8.0\Tools\MDILXAPCompile\Framework\Microsoft.Xna.Framework.GamerServices.dll;C:\Program Files (x86)\Microsoft SDKs\Windows Phone\v8.0\Tools\MDILXAPCompile\Framework\Microsoft.Xna.Framework.Graphics.dll;C:\Program Files (x86)\Microsoft SDKs\Windows Phone\v8.0\Tools\MDILXAPCompile\Framework\Microsoft.Xna.Framework.Input.Touch.dll;C:\Program Files (x86)\Microsoft SDKs\Windows Phone\v8.0\Tools\MDILXAPCompile\Framework\Microsoft.Xna.Framework.Interop.dll;C:\Program Files (x86)\Microsoft SDKs\Windows Phone\v8.0\Tools\MDILXAPCompile\Framework\Microsoft.Xna.Framework.MediaLibraryExtensions.dll;C:\Program Files (x86)\Microsoft SDKs\Windows Phone\v8.0\Tools\MDILXAPCompile\Framework\System.Data.Linq.dll;C:\Program Files (x86)\Microsoft SDKs\Windows Phone\v8.0\Tools\MDILXAPCompile\Framework\System.Device.dll;C:\Program Files (x86)\Microsoft SDKs\Windows Phone\v8.0\Tools\MDILXAPCompile\Framework\System.Net.dll;C:\Program Files (x86)\Microsoft SDKs\Windows Phone\v8.0\Tools\MDILXAPCompile\Framework\System.ServiceModel.dll;C:\Program Files (x86)\Microsoft SDKs\Windows Phone\v8.0\Tools\MDILXAPCompile\Framework\System.Windows.dll;C:\Program Files (x86)\Microsoft SDKs\Windows Phone\v8.0\Tools\MDILXAPCompile\Framework\System.Windows.RuntimeHost.dll;"  /platform_winmd_paths "C:\Program Files (x86)\Microsoft SDKs\Windows Phone\v8.0\Tools\MDILXAPCompile\WinMds;"  /out "C:\t\bb6224e6b38b\bin\temp2\CustomMessageBox.dll" "C:\t\bb6224e6b38b\bin\temp1\CustomMessageBox.dll"
Output:
MDIL image C:\t\bb6224e6b38b\bin\temp2\CustomMessageBox.dll generated successfully.


File C:\t\bb6224e6b38b\bin\temp1\CustomMessageBox.dll output C:\t\bb6224e6b38b\bin\temp2\CustomMessageBox.dll
Processing file: C:\t\bb6224e6b38b\bin\temp1\SharpCompress.dll
Calling CrossGen with arguments:
/nologo /mdil /MissingDependenciesOK /fulltrust  /app_paths "C:\t\bb6224e6b38b\bin\temp1;"  /trusted_platform_assemblies "C:\Program Files (x86)\Microsoft SDKs\Windows Phone\v8.0\Tools\MDILXAPCompile\Framework\Microsoft.CSharp.dll;C:\Program Files (x86)\Microsoft SDKs\Windows Phone\v8.0\Tools\MDILXAPCompile\Framework\mscorlib.dll;C:\Program Files (x86)\Microsoft SDKs\Windows Phone\v8.0\Tools\MDILXAPCompile\Framework\mscorlib.extensions.dll;C:\Program Files (x86)\Microsoft SDKs\Windows Phone\v8.0\Tools\MDILXAPCompile\Framework\System.Collections.dll;C:\Program Files (x86)\Microsoft SDKs\Windows Phone\v8.0\Tools\MDILXAPCompile\Framework\System.ComponentModel.dll;C:\Program Files (x86)\Microsoft SDKs\Windows Phone\v8.0\Tools\MDILXAPCompile\Framework\System.ComponentModel.EventBasedAsync.dll;C:\Program Files (x86)\Microsoft SDKs\Windows Phone\v8.0\Tools\MDILXAPCompile\Framework\System.Core.dll;C:\Program Files (x86)\Microsoft SDKs\Windows Phone\v8.0\Tools\MDILXAPCompile\Framework\System.Diagnostics.Contracts.dll;C:\Program Files (x86)\Microsoft SDKs\Windows Phone\v8.0\Tools\MDILXAPCompile\Framework\System.Diagnostics.Debug.dll;C:\Program Files (x86)\Microsoft SDKs\Windows Phone\v8.0\Tools\MDILXAPCompile\Framework\System.Diagnostics.Tools.dll;C:\Program Files (x86)\Microsoft SDKs\Windows Phone\v8.0\Tools\MDILXAPCompile\Framework\System.dll;C:\Program Files (x86)\Microsoft SDKs\Windows Phone\v8.0\Tools\MDILXAPCompile\Framework\System.Dynamic.Runtime.dll;C:\Program Files (x86)\Microsoft SDKs\Windows Phone\v8.0\Tools\MDILXAPCompile\Framework\System.Globalization.dll;C:\Program Files (x86)\Microsoft SDKs\Windows Phone\v8.0\Tools\MDILXAPCompile\Framework\System.IO.dll;C:\Program Files (x86)\Microsoft SDKs\Windows Phone\v8.0\Tools\MDILXAPCompile\Framework\System.Linq.dll;C:\Program Files (x86)\Microsoft SDKs\Windows Phone\v8.0\Tools\MDILXAPCompile\Framework\System.Linq.Expressions.dll;C:\Program Files (x86)\Microsoft SDKs\Windows Phone\v8.0\Tools\MDILXAPCompile\Framework\System.Linq.Queryable.dll;C:\Program Files (x86)\Microsoft SDKs\Windows Phone\v8.0\Tools\MDILXAPCompile\Framework\System.Net.NetworkInformation.dll;C:\Program Files (x86)\Microsoft SDKs\Windows Phone\v8.0\Tools\MDILXAPCompile\Framework\System.Net.Primitives.dll;C:\Program Files (x86)\Microsoft SDKs\Windows Phone\v8.0\Tools\MDILXAPCompile\Framework\System.Net.Requests.dll;C:\Program Files (x86)\Microsoft SDKs\Windows Phone\v8.0\Tools\MDILXAPCompile\Framework\System.ObjectModel.dll;C:\Program Files (x86)\Microsoft SDKs\Windows Phone\v8.0\Tools\MDILXAPCompile\Framework\System.Observable.dll;C:\Program Files (x86)\Microsoft SDKs\Windows Phone\v8.0\Tools\MDILXAPCompile\Framework\System.Reflection.dll;C:\Program Files (x86)\Microsoft SDKs\Windows Phone\v8.0\Tools\MDILXAPCompile\Framework\System.Reflection.Emit.dll;C:\Program Files (x86)\Microsoft SDKs\Windows Phone\v8.0\Tools\MDILXAPCompile\Framework\System.Reflection.Emit.ILGeneration.dll;C:\Program Files (x86)\Microsoft SDKs\Windows Phone\v8.0\Tools\MDILXAPCompile\Framework\System.Reflection.Emit.Lightweight.dll;C:\Program Files (x86)\Microsoft SDKs\Windows Phone\v8.0\Tools\MDILXAPCompile\Framework\System.Reflection.Extensions.dll;C:\Program Files (x86)\Microsoft SDKs\Windows Phone\v8.0\Tools\MDILXAPCompile\Framework\System.Reflection.Primitives.dll;C:\Program Files (x86)\Microsoft SDKs\Windows Phone\v8.0\Tools\MDILXAPCompile\Framework\System.Resources.ResourceManager.dll;C:\Program Files (x86)\Microsoft SDKs\Windows Phone\v8.0\Tools\MDILXAPCompile\Framework\System.Runtime.dll;C:\Program Files (x86)\Microsoft SDKs\Windows Phone\v8.0\Tools\MDILXAPCompile\Framework\System.Runtime.Extensions.dll;C:\Program Files (x86)\Microsoft SDKs\Windows Phone\v8.0\Tools\MDILXAPCompile\Framework\System.Runtime.InteropServices.WindowsRuntime.dll;C:\Program Files (x86)\Microsoft SDKs\Windows Phone\v8.0\Tools\MDILXAPCompile\Framework\System.Runtime.Serialization.dll;C:\Program Files (x86)\Microsoft SDKs\Windows Phone\v8.0\Tools\MDILXAPCompile\Framework\System.Runtime.Serialization.Json.dll;C:\Program Files (x86)\Microsoft SDKs\Windows Phone\v8.0\Tools\MDILXAPCompile\Framework\System.Runtime.Serialization.Primitives.dll;C:\Program Files (x86)\Microsoft SDKs\Windows Phone\v8.0\Tools\MDILXAPCompile\Framework\System.Runtime.Serialization.Xml.dll;C:\Program Files (x86)\Microsoft SDKs\Windows Phone\v8.0\Tools\MDILXAPCompile\Framework\System.Runtime.WindowsRuntime.dll;C:\Program Files (x86)\Microsoft SDKs\Windows Phone\v8.0\Tools\MDILXAPCompile\Framework\System.Security.Principal.dll;C:\Program Files (x86)\Microsoft SDKs\Windows Phone\v8.0\Tools\MDILXAPCompile\Framework\System.ServiceModel.Http.dll;C:\Program Files (x86)\Microsoft SDKs\Windows Phone\v8.0\Tools\MDILXAPCompile\Framework\System.ServiceModel.Primitives.dll;C:\Program Files (x86)\Microsoft SDKs\Windows Phone\v8.0\Tools\MDILXAPCompile\Framework\System.ServiceModel.Security.dll;C:\Program Files (x86)\Microsoft SDKs\Windows Phone\v8.0\Tools\MDILXAPCompile\Framework\System.ServiceModel.Web.dll;C:\Program Files (x86)\Microsoft SDKs\Windows Phone\v8.0\Tools\MDILXAPCompile\Framework\System.Text.Encoding.dll;C:\Program Files (x86)\Microsoft SDKs\Windows Phone\v8.0\Tools\MDILXAPCompile\Framework\System.Text.Encoding.Extensions.dll;C:\Program Files (x86)\Microsoft SDKs\Windows Phone\v8.0\Tools\MDILXAPCompile\Framework\System.Text.RegularExpressions.dll;C:\Program Files (x86)\Microsoft SDKs\Windows Phone\v8.0\Tools\MDILXAPCompile\Framework\System.Threading.dll;C:\Program Files (x86)\Microsoft SDKs\Windows Phone\v8.0\Tools\MDILXAPCompile\Framework\System.Threading.Tasks.dll;C:\Program Files (x86)\Microsoft SDKs\Windows Phone\v8.0\Tools\MDILXAPCompile\Framework\System.Xml.dll;C:\Program Files (x86)\Microsoft SDKs\Windows Phone\v8.0\Tools\MDILXAPCompile\Framework\System.Xml.Linq.dll;C:\Program Files (x86)\Microsoft SDKs\Windows Phone\v8.0\Tools\MDILXAPCompile\Framework\System.Xml.ReaderWriter.dll;C:\Program Files (x86)\Microsoft SDKs\Windows Phone\v8.0\Tools\MDILXAPCompile\Framework\System.Xml.Serialization.dll;C:\Program Files (x86)\Microsoft SDKs\Windows Phone\v8.0\Tools\MDILXAPCompile\Framework\System.Xml.XDocument.dll;C:\Program Files (x86)\Microsoft SDKs\Windows Phone\v8.0\Tools\MDILXAPCompile\Framework\System.Xml.XmlSerializer.dll;C:\Program Files (x86)\Microsoft SDKs\Windows Phone\v8.0\Tools\MDILXAPCompile\Framework\LocationService.Interop.dll;C:\Program Files (x86)\Microsoft SDKs\Windows Phone\v8.0\Tools\MDILXAPCompile\Framework\Microsoft.Devices.Camera.dll;C:\Program Files (x86)\Microsoft SDKs\Windows Phone\v8.0\Tools\MDILXAPCompile\Framework\Microsoft.Devices.Sensors.dll;C:\Program Files (x86)\Microsoft SDKs\Windows Phone\v8.0\Tools\MDILXAPCompile\Framework\Microsoft.Phone.Data.Internal.dll;C:\Program Files (x86)\Microsoft SDKs\Windows Phone\v8.0\Tools\MDILXAPCompile\Framework\Microsoft.Phone.dll;C:\Program Files (x86)\Microsoft SDKs\Windows Phone\v8.0\Tools\MDILXAPCompile\Framework\Microsoft.Phone.Interop.dll;C:\Program Files (x86)\Microsoft SDKs\Windows Phone\v8.0\Tools\MDILXAPCompile\Framework\Microsoft.Phone.Maps.dll;C:\Program Files (x86)\Microsoft SDKs\Windows Phone\v8.0\Tools\MDILXAPCompile\Framework\Microsoft.Phone.Reactive.dll;C:\Program Files (x86)\Microsoft SDKs\Windows Phone\v8.0\Tools\MDILXAPCompile\Framework\Microsoft.Xna.Framework.Avatar.dll;C:\Program Files (x86)\Microsoft SDKs\Windows Phone\v8.0\Tools\MDILXAPCompile\Framework\Microsoft.Xna.Framework.dll;C:\Program Files (x86)\Microsoft SDKs\Windows Phone\v8.0\Tools\MDILXAPCompile\Framework\Microsoft.Xna.Framework.Game.dll;C:\Program Files (x86)\Microsoft SDKs\Windows Phone\v8.0\Tools\MDILXAPCompile\Framework\Microsoft.Xna.Framework.GamerServices.dll;C:\Program Files (x86)\Microsoft SDKs\Windows Phone\v8.0\Tools\MDILXAPCompile\Framework\Microsoft.Xna.Framework.Graphics.dll;C:\Program Files (x86)\Microsoft SDKs\Windows Phone\v8.0\Tools\MDILXAPCompile\Framework\Microsoft.Xna.Framework.Input.Touch.dll;C:\Program Files (x86)\Microsoft SDKs\Windows Phone\v8.0\Tools\MDILXAPCompile\Framework\Microsoft.Xna.Framework.Interop.dll;C:\Program Files (x86)\Microsoft SDKs\Windows Phone\v8.0\Tools\MDILXAPCompile\Framework\Microsoft.Xna.Framework.MediaLibraryExtensions.dll;C:\Program Files (x86)\Microsoft SDKs\Windows Phone\v8.0\Tools\MDILXAPCompile\Framework\System.Data.Linq.dll;C:\Program Files (x86)\Microsoft SDKs\Windows Phone\v8.0\Tools\MDILXAPCompile\Framework\System.Device.dll;C:\Program Files (x86)\Microsoft SDKs\Windows Phone\v8.0\Tools\MDILXAPCompile\Framework\System.Net.dll;C:\Program Files (x86)\Microsoft SDKs\Windows Phone\v8.0\Tools\MDILXAPCompile\Framework\System.ServiceModel.dll;C:\Program Files (x86)\Microsoft SDKs\Windows Phone\v8.0\Tools\MDILXAPCompile\Framework\System.Windows.dll;C:\Program Files (x86)\Microsoft SDKs\Windows Phone\v8.0\Tools\MDILXAPCompile\Framework\System.Windows.RuntimeHost.dll;"  /platform_winmd_paths "C:\Program Files (x86)\Microsoft SDKs\Windows Phone\v8.0\Tools\MDILXAPCompile\WinMds;"  /out "C:\t\bb6224e6b38b\bin\temp2\SharpCompress.dll" "C:\t\bb6224e6b38b\bin\temp1\SharpCompress.dll"
Output:
MDIL image C:\t\bb6224e6b38b\bin\temp2\SharpCompress.dll generated successfully.


File C:\t\bb6224e6b38b\bin\temp1\SharpCompress.dll output C:\t\bb6224e6b38b\bin\temp2\SharpCompress.dll
Processing file: C:\t\bb6224e6b38b\bin\temp1\SplashScreenImage.jpg
File C:\t\bb6224e6b38b\bin\temp1\SplashScreenImage.jpg is not an IL assembly. Copying.
Processing file: C:\t\bb6224e6b38b\bin\temp1\VERSION
File C:\t\bb6224e6b38b\bin\temp1\VERSION is not an IL assembly. Copying.
Processing file: C:\t\bb6224e6b38b\bin\temp1\WMAppManifest.xml
File C:\t\bb6224e6b38b\bin\temp1\WMAppManifest.xml is not an IL assembly. Copying.
Processing file: C:\t\bb6224e6b38b\bin\temp1\App_Resources\WP8\ApplicationIcon.png
File C:\t\bb6224e6b38b\bin\temp1\App_Resources\WP8\ApplicationIcon.png is not an IL assembly. Copying.
Processing file: C:\t\bb6224e6b38b\bin\temp1\App_Resources\WP8\Tiles\Iconic\110x110.png
File C:\t\bb6224e6b38b\bin\temp1\App_Resources\WP8\Tiles\Iconic\110x110.png is not an IL assembly. Copying.
Processing file: C:\t\bb6224e6b38b\bin\temp1\App_Resources\WP8\Tiles\Iconic\202x202.png
File C:\t\bb6224e6b38b\bin\temp1\App_Resources\WP8\Tiles\Iconic\202x202.png is not an IL assembly. Copying.
Processing file: C:\t\bb6224e6b38b\bin\temp1\Images\appbar.back.rest.png
File C:\t\bb6224e6b38b\bin\temp1\Images\appbar.back.rest.png is not an IL assembly. Copying.
Processing file: C:\t\bb6224e6b38b\bin\temp1\Images\appbar.close.rest.png
File C:\t\bb6224e6b38b\bin\temp1\Images\appbar.close.rest.png is not an IL assembly. Copying.
Processing file: C:\t\bb6224e6b38b\bin\temp1\Images\appbar.feature.video.rest.png
File C:\t\bb6224e6b38b\bin\temp1\Images\appbar.feature.video.rest.png is not an IL assembly. Copying.
Processing file: C:\t\bb6224e6b38b\bin\temp1\Images\appbar.next.rest.png
File C:\t\bb6224e6b38b\bin\temp1\Images\appbar.next.rest.png is not an IL assembly. Copying.
Processing file: C:\t\bb6224e6b38b\bin\temp1\Images\appbar.save.rest.png
File C:\t\bb6224e6b38b\bin\temp1\Images\appbar.save.rest.png is not an IL assembly. Copying.
Processing file: C:\t\bb6224e6b38b\bin\temp1\Images\appbar.stop.rest.png
File C:\t\bb6224e6b38b\bin\temp1\Images\appbar.stop.rest.png is not an IL assembly. Copying.
Processing file: C:\t\bb6224e6b38b\bin\temp1\Plugins\org.apache.cordova.dialogs\notification-beep.wav
File C:\t\bb6224e6b38b\bin\temp1\Plugins\org.apache.cordova.dialogs\notification-beep.wav is not an IL assembly. Copying.
Processing file: C:\t\bb6224e6b38b\bin\temp1\www\.abignore
File C:\t\bb6224e6b38b\bin\temp1\www\.abignore is not an IL assembly. Copying.
Processing file: C:\t\bb6224e6b38b\bin\temp1\www\.abproject
File C:\t\bb6224e6b38b\bin\temp1\www\.abproject is not an IL assembly. Copying.
Processing file: C:\t\bb6224e6b38b\bin\temp1\www\.debug.abproject
File C:\t\bb6224e6b38b\bin\temp1\www\.debug.abproject is not an IL assembly. Copying.
Processing file: C:\t\bb6224e6b38b\bin\temp1\www\.release.abproject
File C:\t\bb6224e6b38b\bin\temp1\www\.release.abproject is not an IL assembly. Copying.
Processing file: C:\t\bb6224e6b38b\bin\temp1\www\abproject.build.tmp
File C:\t\bb6224e6b38b\bin\temp1\www\abproject.build.tmp is not an IL assembly. Copying.
Processing file: C:\t\bb6224e6b38b\bin\temp1\www\cordova.js
File C:\t\bb6224e6b38b\bin\temp1\www\cordova.js is not an IL assembly. Copying.
Processing file: C:\t\bb6224e6b38b\bin\temp1\www\cordova_plugins.js
File C:\t\bb6224e6b38b\bin\temp1\www\cordova_plugins.js is not an IL assembly. Copying.
Processing file: C:\t\bb6224e6b38b\bin\temp1\www\index.html
File C:\t\bb6224e6b38b\bin\temp1\www\index.html is not an IL assembly. Copying.
Processing file: C:\t\bb6224e6b38b\bin\temp1\www\css\index.css
File C:\t\bb6224e6b38b\bin\temp1\www\css\index.css is not an IL assembly. Copying.
Processing file: C:\t\bb6224e6b38b\bin\temp1\www\img\cordova.png
File C:\t\bb6224e6b38b\bin\temp1\www\img\cordova.png is not an IL assembly. Copying.
Processing file: C:\t\bb6224e6b38b\bin\temp1\www\img\logo.png
File C:\t\bb6224e6b38b\bin\temp1\www\img\logo.png is not an IL assembly. Copying.
Processing file: C:\t\bb6224e6b38b\bin\temp1\www\js\index.js
File C:\t\bb6224e6b38b\bin\temp1\www\js\index.js is not an IL assembly. Copying.
Processing file: C:\t\bb6224e6b38b\bin\temp1\www\plugins\org.apache.cordova.battery-status\www\battery.js
File C:\t\bb6224e6b38b\bin\temp1\www\plugins\org.apache.cordova.battery-status\www\battery.js is not an IL assembly. Copying.
Processing file: C:\t\bb6224e6b38b\bin\temp1\www\plugins\org.apache.cordova.camera\www\Camera.js
File C:\t\bb6224e6b38b\bin\temp1\www\plugins\org.apache.cordova.camera\www\Camera.js is not an IL assembly. Copying.
Processing file: C:\t\bb6224e6b38b\bin\temp1\www\plugins\org.apache.cordova.camera\www\CameraConstants.js
File C:\t\bb6224e6b38b\bin\temp1\www\plugins\org.apache.cordova.camera\www\CameraConstants.js is not an IL assembly. Copying.
Processing file: C:\t\bb6224e6b38b\bin\temp1\www\plugins\org.apache.cordova.camera\www\CameraPopoverHandle.js
File C:\t\bb6224e6b38b\bin\temp1\www\plugins\org.apache.cordova.camera\www\CameraPopoverHandle.js is not an IL assembly. Copying.
Processing file: C:\t\bb6224e6b38b\bin\temp1\www\plugins\org.apache.cordova.camera\www\CameraPopoverOptions.js
File C:\t\bb6224e6b38b\bin\temp1\www\plugins\org.apache.cordova.camera\www\CameraPopoverOptions.js is not an IL assembly. Copying.
Processing file: C:\t\bb6224e6b38b\bin\temp1\www\plugins\org.apache.cordova.console\www\console-via-logger.js
File C:\t\bb6224e6b38b\bin\temp1\www\plugins\org.apache.cordova.console\www\console-via-logger.js is not an IL assembly. Copying.
Processing file: C:\t\bb6224e6b38b\bin\temp1\www\plugins\org.apache.cordova.console\www\logger.js
File C:\t\bb6224e6b38b\bin\temp1\www\plugins\org.apache.cordova.console\www\logger.js is not an IL assembly. Copying.
Processing file: C:\t\bb6224e6b38b\bin\temp1\www\plugins\org.apache.cordova.contacts\www\Contact.js
File C:\t\bb6224e6b38b\bin\temp1\www\plugins\org.apache.cordova.contacts\www\Contact.js is not an IL assembly. Copying.
Processing file: C:\t\bb6224e6b38b\bin\temp1\www\plugins\org.apache.cordova.contacts\www\ContactAddress.js
File C:\t\bb6224e6b38b\bin\temp1\www\plugins\org.apache.cordova.contacts\www\ContactAddress.js is not an IL assembly. Copying.
Processing file: C:\t\bb6224e6b38b\bin\temp1\www\plugins\org.apache.cordova.contacts\www\ContactError.js
File C:\t\bb6224e6b38b\bin\temp1\www\plugins\org.apache.cordova.contacts\www\ContactError.js is not an IL assembly. Copying.
Processing file: C:\t\bb6224e6b38b\bin\temp1\www\plugins\org.apache.cordova.contacts\www\ContactField.js
File C:\t\bb6224e6b38b\bin\temp1\www\plugins\org.apache.cordova.contacts\www\ContactField.js is not an IL assembly. Copying.
Processing file: C:\t\bb6224e6b38b\bin\temp1\www\plugins\org.apache.cordova.contacts\www\ContactFieldType.js
File C:\t\bb6224e6b38b\bin\temp1\www\plugins\org.apache.cordova.contacts\www\ContactFieldType.js is not an IL assembly. Copying.
Processing file: C:\t\bb6224e6b38b\bin\temp1\www\plugins\org.apache.cordova.contacts\www\ContactFindOptions.js
File C:\t\bb6224e6b38b\bin\temp1\www\plugins\org.apache.cordova.contacts\www\ContactFindOptions.js is not an IL assembly. Copying.
Processing file: C:\t\bb6224e6b38b\bin\temp1\www\plugins\org.apache.cordova.contacts\www\ContactName.js
File C:\t\bb6224e6b38b\bin\temp1\www\plugins\org.apache.cordova.contacts\www\ContactName.js is not an IL assembly. Copying.
Processing file: C:\t\bb6224e6b38b\bin\temp1\www\plugins\org.apache.cordova.contacts\www\ContactOrganization.js
File C:\t\bb6224e6b38b\bin\temp1\www\plugins\org.apache.cordova.contacts\www\ContactOrganization.js is not an IL assembly. Copying.
Processing file: C:\t\bb6224e6b38b\bin\temp1\www\plugins\org.apache.cordova.contacts\www\contacts.js
File C:\t\bb6224e6b38b\bin\temp1\www\plugins\org.apache.cordova.contacts\www\contacts.js is not an IL assembly. Copying.
Processing file: C:\t\bb6224e6b38b\bin\temp1\www\plugins\org.apache.cordova.device\www\device.js
File C:\t\bb6224e6b38b\bin\temp1\www\plugins\org.apache.cordova.device\www\device.js is not an IL assembly. Copying.
Processing file: C:\t\bb6224e6b38b\bin\temp1\www\plugins\org.apache.cordova.device-motion\www\Acceleration.js
File C:\t\bb6224e6b38b\bin\temp1\www\plugins\org.apache.cordova.device-motion\www\Acceleration.js is not an IL assembly. Copying.
Processing file: C:\t\bb6224e6b38b\bin\temp1\www\plugins\org.apache.cordova.device-motion\www\accelerometer.js
File C:\t\bb6224e6b38b\bin\temp1\www\plugins\org.apache.cordova.device-motion\www\accelerometer.js is not an IL assembly. Copying.
Processing file: C:\t\bb6224e6b38b\bin\temp1\www\plugins\org.apache.cordova.device-orientation\www\compass.js
File C:\t\bb6224e6b38b\bin\temp1\www\plugins\org.apache.cordova.device-orientation\www\compass.js is not an IL assembly. Copying.
Processing file: C:\t\bb6224e6b38b\bin\temp1\www\plugins\org.apache.cordova.device-orientation\www\CompassError.js
File C:\t\bb6224e6b38b\bin\temp1\www\plugins\org.apache.cordova.device-orientation\www\CompassError.js is not an IL assembly. Copying.
Processing file: C:\t\bb6224e6b38b\bin\temp1\www\plugins\org.apache.cordova.device-orientation\www\CompassHeading.js
File C:\t\bb6224e6b38b\bin\temp1\www\plugins\org.apache.cordova.device-orientation\www\CompassHeading.js is not an IL assembly. Copying.
Processing file: C:\t\bb6224e6b38b\bin\temp1\www\plugins\org.apache.cordova.dialogs\www\notification.js
File C:\t\bb6224e6b38b\bin\temp1\www\plugins\org.apache.cordova.dialogs\www\notification.js is not an IL assembly. Copying.
Processing file: C:\t\bb6224e6b38b\bin\temp1\www\plugins\org.apache.cordova.file\www\DirectoryEntry.js
File C:\t\bb6224e6b38b\bin\temp1\www\plugins\org.apache.cordova.file\www\DirectoryEntry.js is not an IL assembly. Copying.
Processing file: C:\t\bb6224e6b38b\bin\temp1\www\plugins\org.apache.cordova.file\www\DirectoryReader.js
File C:\t\bb6224e6b38b\bin\temp1\www\plugins\org.apache.cordova.file\www\DirectoryReader.js is not an IL assembly. Copying.
Processing file: C:\t\bb6224e6b38b\bin\temp1\www\plugins\org.apache.cordova.file\www\Entry.js
File C:\t\bb6224e6b38b\bin\temp1\www\plugins\org.apache.cordova.file\www\Entry.js is not an IL assembly. Copying.
Processing file: C:\t\bb6224e6b38b\bin\temp1\www\plugins\org.apache.cordova.file\www\File.js
File C:\t\bb6224e6b38b\bin\temp1\www\plugins\org.apache.cordova.file\www\File.js is not an IL assembly. Copying.
Processing file: C:\t\bb6224e6b38b\bin\temp1\www\plugins\org.apache.cordova.file\www\FileEntry.js
File C:\t\bb6224e6b38b\bin\temp1\www\plugins\org.apache.cordova.file\www\FileEntry.js is not an IL assembly. Copying.
Processing file: C:\t\bb6224e6b38b\bin\temp1\www\plugins\org.apache.cordova.file\www\FileError.js
File C:\t\bb6224e6b38b\bin\temp1\www\plugins\org.apache.cordova.file\www\FileError.js is not an IL assembly. Copying.
Processing file: C:\t\bb6224e6b38b\bin\temp1\www\plugins\org.apache.cordova.file\www\FileReader.js
File C:\t\bb6224e6b38b\bin\temp1\www\plugins\org.apache.cordova.file\www\FileReader.js is not an IL assembly. Copying.
Processing file: C:\t\bb6224e6b38b\bin\temp1\www\plugins\org.apache.cordova.file\www\FileSystem.js
File C:\t\bb6224e6b38b\bin\temp1\www\plugins\org.apache.cordova.file\www\FileSystem.js is not an IL assembly. Copying.
Processing file: C:\t\bb6224e6b38b\bin\temp1\www\plugins\org.apache.cordova.file\www\fileSystems.js
File C:\t\bb6224e6b38b\bin\temp1\www\plugins\org.apache.cordova.file\www\fileSystems.js is not an IL assembly. Copying.
Processing file: C:\t\bb6224e6b38b\bin\temp1\www\plugins\org.apache.cordova.file\www\FileUploadOptions.js
File C:\t\bb6224e6b38b\bin\temp1\www\plugins\org.apache.cordova.file\www\FileUploadOptions.js is not an IL assembly. Copying.
Processing file: C:\t\bb6224e6b38b\bin\temp1\www\plugins\org.apache.cordova.file\www\FileUploadResult.js
File C:\t\bb6224e6b38b\bin\temp1\www\plugins\org.apache.cordova.file\www\FileUploadResult.js is not an IL assembly. Copying.
Processing file: C:\t\bb6224e6b38b\bin\temp1\www\plugins\org.apache.cordova.file\www\FileWriter.js
File C:\t\bb6224e6b38b\bin\temp1\www\plugins\org.apache.cordova.file\www\FileWriter.js is not an IL assembly. Copying.
Processing file: C:\t\bb6224e6b38b\bin\temp1\www\plugins\org.apache.cordova.file\www\Flags.js
File C:\t\bb6224e6b38b\bin\temp1\www\plugins\org.apache.cordova.file\www\Flags.js is not an IL assembly. Copying.
Processing file: C:\t\bb6224e6b38b\bin\temp1\www\plugins\org.apache.cordova.file\www\LocalFileSystem.js
File C:\t\bb6224e6b38b\bin\temp1\www\plugins\org.apache.cordova.file\www\LocalFileSystem.js is not an IL assembly. Copying.
Processing file: C:\t\bb6224e6b38b\bin\temp1\www\plugins\org.apache.cordova.file\www\Metadata.js
File C:\t\bb6224e6b38b\bin\temp1\www\plugins\org.apache.cordova.file\www\Metadata.js is not an IL assembly. Copying.
Processing file: C:\t\bb6224e6b38b\bin\temp1\www\plugins\org.apache.cordova.file\www\ProgressEvent.js
File C:\t\bb6224e6b38b\bin\temp1\www\plugins\org.apache.cordova.file\www\ProgressEvent.js is not an IL assembly. Copying.
Processing file: C:\t\bb6224e6b38b\bin\temp1\www\plugins\org.apache.cordova.file\www\requestFileSystem.js
File C:\t\bb6224e6b38b\bin\temp1\www\plugins\org.apache.cordova.file\www\requestFileSystem.js is not an IL assembly. Copying.
Processing file: C:\t\bb6224e6b38b\bin\temp1\www\plugins\org.apache.cordova.file\www\resolveLocalFileSystemURI.js
File C:\t\bb6224e6b38b\bin\temp1\www\plugins\org.apache.cordova.file\www\resolveLocalFileSystemURI.js is not an IL assembly. Copying.
Processing file: C:\t\bb6224e6b38b\bin\temp1\www\plugins\org.apache.cordova.file\www\wp\FileUploadOptions.js
File C:\t\bb6224e6b38b\bin\temp1\www\plugins\org.apache.cordova.file\www\wp\FileUploadOptions.js is not an IL assembly. Copying.
Processing file: C:\t\bb6224e6b38b\bin\temp1\www\plugins\org.apache.cordova.file-transfer\www\FileTransfer.js
File C:\t\bb6224e6b38b\bin\temp1\www\plugins\org.apache.cordova.file-transfer\www\FileTransfer.js is not an IL assembly. Copying.
Processing file: C:\t\bb6224e6b38b\bin\temp1\www\plugins\org.apache.cordova.file-transfer\www\FileTransferError.js
File C:\t\bb6224e6b38b\bin\temp1\www\plugins\org.apache.cordova.file-transfer\www\FileTransferError.js is not an IL assembly. Copying.
Processing file: C:\t\bb6224e6b38b\bin\temp1\www\plugins\org.apache.cordova.globalization\www\globalization.js
File C:\t\bb6224e6b38b\bin\temp1\www\plugins\org.apache.cordova.globalization\www\globalization.js is not an IL assembly. Copying.
Processing file: C:\t\bb6224e6b38b\bin\temp1\www\plugins\org.apache.cordova.globalization\www\GlobalizationError.js
File C:\t\bb6224e6b38b\bin\temp1\www\plugins\org.apache.cordova.globalization\www\GlobalizationError.js is not an IL assembly. Copying.
Processing file: C:\t\bb6224e6b38b\bin\temp1\www\plugins\org.apache.cordova.inappbrowser\www\inappbrowser.js
File C:\t\bb6224e6b38b\bin\temp1\www\plugins\org.apache.cordova.inappbrowser\www\inappbrowser.js is not an IL assembly. Copying.
Processing file: C:\t\bb6224e6b38b\bin\temp1\www\plugins\org.apache.cordova.media\www\Media.js
File C:\t\bb6224e6b38b\bin\temp1\www\plugins\org.apache.cordova.media\www\Media.js is not an IL assembly. Copying.
Processing file: C:\t\bb6224e6b38b\bin\temp1\www\plugins\org.apache.cordova.media\www\MediaError.js
File C:\t\bb6224e6b38b\bin\temp1\www\plugins\org.apache.cordova.media\www\MediaError.js is not an IL assembly. Copying.
Processing file: C:\t\bb6224e6b38b\bin\temp1\www\plugins\org.apache.cordova.media-capture\www\capture.js
File C:\t\bb6224e6b38b\bin\temp1\www\plugins\org.apache.cordova.media-capture\www\capture.js is not an IL assembly. Copying.
Processing file: C:\t\bb6224e6b38b\bin\temp1\www\plugins\org.apache.cordova.media-capture\www\CaptureAudioOptions.js
File C:\t\bb6224e6b38b\bin\temp1\www\plugins\org.apache.cordova.media-capture\www\CaptureAudioOptions.js is not an IL assembly. Copying.
Processing file: C:\t\bb6224e6b38b\bin\temp1\www\plugins\org.apache.cordova.media-capture\www\CaptureError.js
File C:\t\bb6224e6b38b\bin\temp1\www\plugins\org.apache.cordova.media-capture\www\CaptureError.js is not an IL assembly. Copying.
Processing file: C:\t\bb6224e6b38b\bin\temp1\www\plugins\org.apache.cordova.media-capture\www\CaptureImageOptions.js
File C:\t\bb6224e6b38b\bin\temp1\www\plugins\org.apache.cordova.media-capture\www\CaptureImageOptions.js is not an IL assembly. Copying.
Processing file: C:\t\bb6224e6b38b\bin\temp1\www\plugins\org.apache.cordova.media-capture\www\CaptureVideoOptions.js
File C:\t\bb6224e6b38b\bin\temp1\www\plugins\org.apache.cordova.media-capture\www\CaptureVideoOptions.js is not an IL assembly. Copying.
Processing file: C:\t\bb6224e6b38b\bin\temp1\www\plugins\org.apache.cordova.media-capture\www\MediaFile.js
File C:\t\bb6224e6b38b\bin\temp1\www\plugins\org.apache.cordova.media-capture\www\MediaFile.js is not an IL assembly. Copying.
Processing file: C:\t\bb6224e6b38b\bin\temp1\www\plugins\org.apache.cordova.media-capture\www\MediaFileData.js
File C:\t\bb6224e6b38b\bin\temp1\www\plugins\org.apache.cordova.media-capture\www\MediaFileData.js is not an IL assembly. Copying.
Processing file: C:\t\bb6224e6b38b\bin\temp1\www\plugins\org.apache.cordova.network-information\www\Connection.js
File C:\t\bb6224e6b38b\bin\temp1\www\plugins\org.apache.cordova.network-information\www\Connection.js is not an IL assembly. Copying.
Processing file: C:\t\bb6224e6b38b\bin\temp1\www\plugins\org.apache.cordova.network-information\www\network.js
File C:\t\bb6224e6b38b\bin\temp1\www\plugins\org.apache.cordova.network-information\www\network.js is not an IL assembly. Copying.
Processing file: C:\t\bb6224e6b38b\bin\temp1\www\plugins\org.apache.cordova.splashscreen\www\splashscreen.js
File C:\t\bb6224e6b38b\bin\temp1\www\plugins\org.apache.cordova.splashscreen\www\splashscreen.js is not an IL assembly. Copying.
Processing file: C:\t\bb6224e6b38b\bin\temp1\www\plugins\org.apache.cordova.statusbar\www\statusbar.js
File C:\t\bb6224e6b38b\bin\temp1\www\plugins\org.apache.cordova.statusbar\www\statusbar.js is not an IL assembly. Copying.
Processing file: C:\t\bb6224e6b38b\bin\temp1\www\plugins\org.apache.cordova.vibration\www\vibration.js
File C:\t\bb6224e6b38b\bin\temp1\www\plugins\org.apache.cordova.vibration\www\vibration.js is not an IL assembly. Copying.
